This is pdfTeX, Version 3.1415926-1.40.10 (TeX Live 2009/Debian) (format=pdflatex 2010.5.31)  17 AUG 2010 17:34
entering extended mode
 restricted \write18 enabled.
 %&-line parsing enabled.
**displaced_vertex_mugroups.tex
(./displaced_vertex_mugroups.tex
LaTeX2e <2009/09/24>
Babel <v3.8l> and hyphenation patterns for english, usenglishmax, dumylang, noh
yphenation, loaded.
(/usr/share/texmf-texlive/tex/latex/base/article.cls
Document Class: article 2007/10/19 v1.4h Standard LaTeX document class
(/usr/share/texmf-texlive/tex/latex/base/size12.clo
File: size12.clo 2007/10/19 v1.4h Standard LaTeX file (size option)
)
\c@part=\count79
\c@section=\count80
\c@subsection=\count81
\c@subsubsection=\count82
\c@paragraph=\count83
\c@subparagraph=\count84
\c@figure=\count85
\c@table=\count86
\abovecaptionskip=\skip41
\belowcaptionskip=\skip42
\bibindent=\dimen102
)
(/usr/share/texmf-texlive/tex/latex/geometry/geometry.sty
Package: geometry 2008/12/21 v4.2 Page Geometry

(/usr/share/texmf-texlive/tex/latex/graphics/keyval.sty
Package: keyval 1999/03/16 v1.13 key=value parser (DPC)
\KV@toks@=\toks14
)
(/usr/share/texmf-texlive/tex/generic/oberdiek/ifpdf.sty
Package: ifpdf 2009/04/10 v2.0 Provides the ifpdf switch (HO)
Package ifpdf Info: pdfTeX in pdf mode detected.
)
(/usr/share/texmf-texlive/tex/generic/oberdiek/ifvtex.sty
Package: ifvtex 2008/11/04 v1.4 Switches for detecting VTeX and its modes (HO)
Package ifvtex Info: VTeX not detected.
)
\Gm@cnth=\count87
\Gm@cntv=\count88
\c@Gm@tempcnt=\count89
\Gm@bindingoffset=\dimen103
\Gm@wd@mp=\dimen104
\Gm@odd@mp=\dimen105
\Gm@even@mp=\dimen106
\Gm@dimlist=\toks15
)
(/usr/share/texmf-texlive/tex/latex/graphics/graphicx.sty
Package: graphicx 1999/02/16 v1.0f Enhanced LaTeX Graphics (DPC,SPQR)

(/usr/share/texmf-texlive/tex/latex/graphics/graphics.sty
Package: graphics 2009/02/05 v1.0o Standard LaTeX Graphics (DPC,SPQR)

(/usr/share/texmf-texlive/tex/latex/graphics/trig.sty
Package: trig 1999/03/16 v1.09 sin cos tan (DPC)
)
(/etc/texmf/tex/latex/config/graphics.cfg
File: graphics.cfg 2009/08/28 v1.8 graphics configuration of TeX Live
)
Package graphics Info: Driver file: pdftex.def on input line 91.

(/usr/share/texmf-texlive/tex/latex/pdftex-def/pdftex.def
File: pdftex.def 2009/08/25 v0.04m Graphics/color for pdfTeX
\Gread@gobject=\count90
))
\Gin@req@height=\dimen107
\Gin@req@width=\dimen108
)
(/usr/share/texmf-texlive/tex/latex/amsmath/amsmath.sty
Package: amsmath 2000/07/18 v2.13 AMS math features
\@mathmargin=\skip43

For additional information on amsmath, use the `?' option.
(/usr/share/texmf-texlive/tex/latex/amsmath/amstext.sty
Package: amstext 2000/06/29 v2.01

(/usr/share/texmf-texlive/tex/latex/amsmath/amsgen.sty
File: amsgen.sty 1999/11/30 v2.0
\@emptytoks=\toks16
\ex@=\dimen109
))
(/usr/share/texmf-texlive/tex/latex/amsmath/amsbsy.sty
Package: amsbsy 1999/11/29 v1.2d
\pmbraise@=\dimen110
)
(/usr/share/texmf-texlive/tex/latex/amsmath/amsopn.sty
Package: amsopn 1999/12/14 v2.01 operator names
)
\inf@bad=\count91
LaTeX Info: Redefining \frac on input line 211.
\uproot@=\count92
\leftroot@=\count93
LaTeX Info: Redefining \overline on input line 307.
\classnum@=\count94
\DOTSCASE@=\count95
LaTeX Info: Redefining \ldots on input line 379.
LaTeX Info: Redefining \dots on input line 382.
LaTeX Info: Redefining \cdots on input line 467.
\Mathstrutbox@=\box26
\strutbox@=\box27
\big@size=\dimen111
LaTeX Font Info:    Redeclaring font encoding OML on input line 567.
LaTeX Font Info:    Redeclaring font encoding OMS on input line 568.
\macc@depth=\count96
\c@MaxMatrixCols=\count97
\dotsspace@=\muskip10
\c@parentequation=\count98
\dspbrk@lvl=\count99
\tag@help=\toks17
\row@=\count100
\column@=\count101
\maxfields@=\count102
\andhelp@=\toks18
\eqnshift@=\dimen112
\alignsep@=\dimen113
\tagshift@=\dimen114
\tagwidth@=\dimen115
\totwidth@=\dimen116
\lineht@=\dimen117
\@envbody=\toks19
\multlinegap=\skip44
\multlinetaggap=\skip45
\mathdisplay@stack=\toks20
LaTeX Info: Redefining \[ on input line 2666.
LaTeX Info: Redefining \] on input line 2667.
)
(/usr/share/texmf-texlive/tex/latex/hyperref/hyperref.sty
Package: hyperref 2009/10/09 v6.79a Hypertext links for LaTeX

(/usr/share/texmf-texlive/tex/generic/ifxetex/ifxetex.sty
Package: ifxetex 2009/01/23 v0.5 Provides ifxetex conditional
)
(/usr/share/texmf-texlive/tex/latex/oberdiek/hycolor.sty
Package: hycolor 2009/10/02 v1.5 Code for color options of hyperref/bookmark (H
O)

(/usr/share/texmf-texlive/tex/latex/oberdiek/xcolor-patch.sty
Package: xcolor-patch 2009/10/02 xcolor patch
))
\@linkdim=\dimen118
\Hy@linkcounter=\count103
\Hy@pagecounter=\count104

(/usr/share/texmf-texlive/tex/latex/hyperref/pd1enc.def
File: pd1enc.def 2009/10/09 v6.79a Hyperref: PDFDocEncoding definition (HO)
)
(/usr/share/texmf-texlive/tex/generic/oberdiek/etexcmds.sty
Package: etexcmds 2007/12/12 v1.2 Prefix for e-TeX command names (HO)

(/usr/share/texmf-texlive/tex/generic/oberdiek/infwarerr.sty
Package: infwarerr 2007/09/09 v1.2 Providing info/warning/message (HO)
)
Package etexcmds Info: Could not find \expanded.
(etexcmds)             That can mean that you are not using pdfTeX 1.50 or
(etexcmds)             that some package has redefined \expanded.
(etexcmds)             In the latter case, load this package earlier.
)
(/usr/share/texmf-texlive/tex/latex/latexconfig/hyperref.cfg
File: hyperref.cfg 2002/06/06 v1.2 hyperref configuration of TeXLive
)
(/usr/share/texmf-texlive/tex/latex/oberdiek/kvoptions.sty
Package: kvoptions 2009/08/13 v3.4 Keyval support for LaTeX options (HO)

(/usr/share/texmf-texlive/tex/generic/oberdiek/kvsetkeys.sty
Package: kvsetkeys 2009/07/30 v1.5 Key value parser with default handler suppor
t (HO)
))
Package hyperref Info: Hyper figures OFF on input line 2975.
Package hyperref Info: Link nesting OFF on input line 2980.
Package hyperref Info: Hyper index ON on input line 2983.
Package hyperref Info: Plain pages OFF on input line 2990.
Package hyperref Info: Backreferencing OFF on input line 2995.

Implicit mode ON; LaTeX internals redefined
Package hyperref Info: Bookmarks ON on input line 3191.
(/usr/share/texmf-texlive/tex/latex/ltxmisc/url.sty
\Urlmuskip=\muskip11
Package: url 2006/04/12  ver 3.3  Verb mode for urls, etc.
)
LaTeX Info: Redefining \url on input line 3428.

(/usr/share/texmf-texlive/tex/generic/oberdiek/bitset.sty
Package: bitset 2007/09/28 v1.0 Data type bit set (HO)

(/usr/share/texmf-texlive/tex/generic/oberdiek/intcalc.sty
Package: intcalc 2007/09/27 v1.1 Expandable integer calculations (HO)
)
(/usr/share/texmf-texlive/tex/generic/oberdiek/bigintcalc.sty
Package: bigintcalc 2007/11/11 v1.1 Expandable big integer calculations (HO)

(/usr/share/texmf-texlive/tex/generic/oberdiek/pdftexcmds.sty
Package: pdftexcmds 2009/09/23 v0.6 LuaTeX support for pdfTeX utility functions
 (HO)

(/usr/share/texmf-texlive/tex/generic/oberdiek/ifluatex.sty
Package: ifluatex 2009/04/17 v1.2 Provides the ifluatex switch (HO)
Package ifluatex Info: LuaTeX not detected.
)
(/usr/share/texmf-texlive/tex/generic/oberdiek/ltxcmds.sty
Package: ltxcmds 2009/08/05 v1.0 Some LaTeX kernel commands for general use (HO
)
)
Package pdftexcmds Info: LuaTeX not detected.
Package pdftexcmds Info: \pdf@primitive is available.
Package pdftexcmds Info: \pdf@ifprimitive is available.
)))
\Fld@menulength=\count105
\Field@Width=\dimen119
\Fld@charsize=\dimen120
\Field@toks=\toks21
Package hyperref Info: Hyper figures OFF on input line 4377.
Package hyperref Info: Link nesting OFF on input line 4382.
Package hyperref Info: Hyper index ON on input line 4385.
Package hyperref Info: backreferencing OFF on input line 4392.
Package hyperref Info: Link coloring OFF on input line 4397.
Package hyperref Info: Link coloring with OCG OFF on input line 4402.
Package hyperref Info: PDF/A mode OFF on input line 4407.

(/usr/share/texmf-texlive/tex/generic/oberdiek/atbegshi.sty
Package: atbegshi 2008/07/31 v1.9 At begin shipout hook (HO)
)
\Hy@abspage=\count106
\c@Item=\count107
\c@Hfootnote=\count108
)
*hyperref using default driver hpdftex*
(/usr/share/texmf-texlive/tex/latex/hyperref/hpdftex.def
File: hpdftex.def 2009/10/09 v6.79a Hyperref driver for pdfTeX
\Fld@listcount=\count109
)
(/usr/share/texmf-texlive/tex/latex/appendix/appendix.sty
Package: appendix 2009/09/02 v1.2b extra appendix facilities
\c@@pps=\count110
\c@@ppsavesec=\count111
\c@@ppsaveapp=\count112
)
(/usr/share/texmf-texlive/tex/latex/graphics/color.sty
Package: color 2005/11/14 v1.0j Standard LaTeX Color (DPC)

(/etc/texmf/tex/latex/config/color.cfg
File: color.cfg 2007/01/18 v1.5 color configuration of teTeX/TeXLive
)
Package color Info: Driver file: pdftex.def on input line 130.
)
(/usr/share/texmf-texlive/tex/latex/tools/multicol.sty
Package: multicol 2008/12/05 v1.6h multicolumn formatting (FMi)
\c@tracingmulticols=\count113
\mult@box=\box28
\multicol@leftmargin=\dimen121
\c@unbalance=\count114
\c@collectmore=\count115
\doublecol@number=\count116
\multicoltolerance=\count117
\multicolpretolerance=\count118
\full@width=\dimen122
\page@free=\dimen123
\premulticols=\dimen124
\postmulticols=\dimen125
\multicolsep=\skip46
\multicolbaselineskip=\skip47
\partial@page=\box29
\last@line=\box30
\mult@rightbox=\box31
\mult@grightbox=\box32
\mult@gfirstbox=\box33
\mult@firstbox=\box34
\@tempa=\box35
\@tempa=\box36
\@tempa=\box37
\@tempa=\box38
\@tempa=\box39
\@tempa=\box40
\@tempa=\box41
\@tempa=\box42
\@tempa=\box43
\@tempa=\box44
\@tempa=\box45
\@tempa=\box46
\@tempa=\box47
\@tempa=\box48
\@tempa=\box49
\@tempa=\box50
\@tempa=\box51
\c@columnbadness=\count119
\c@finalcolumnbadness=\count120
\last@try=\dimen126
\multicolovershoot=\dimen127
\multicolundershoot=\dimen128
\mult@nat@firstbox=\box52
\colbreak@box=\box53
)
(./displaced_vertex_mugroups.aux)
\openout1 = `displaced_vertex_mugroups.aux'.

LaTeX Font Info:    Checking defaults for OML/cmm/m/it on input line 17.
LaTeX Font Info:    ... okay on input line 17.
LaTeX Font Info:    Checking defaults for T1/cmr/m/n on input line 17.
LaTeX Font Info:    ... okay on input line 17.
LaTeX Font Info:    Checking defaults for OT1/cmr/m/n on input line 17.
LaTeX Font Info:    ... okay on input line 17.
LaTeX Font Info:    Checking defaults for OMS/cmsy/m/n on input line 17.
LaTeX Font Info:    ... okay on input line 17.
LaTeX Font Info:    Checking defaults for OMX/cmex/m/n on input line 17.
LaTeX Font Info:    ... okay on input line 17.
LaTeX Font Info:    Checking defaults for U/cmr/m/n on input line 17.
LaTeX Font Info:    ... okay on input line 17.
LaTeX Font Info:    Checking defaults for PD1/pdf/m/n on input line 17.
LaTeX Font Info:    ... okay on input line 17.

*geometry auto-detecting driver*
*geometry detected driver: pdftex*
-------------------- Geometry parameters
paper: class default
landscape: --
twocolumn: --
twoside: --
asymmetric: --
h-parts: 72.26999pt, 469.75502pt, 72.26999pt
v-parts: 72.26999pt, 650.43001pt, 72.26999pt
hmarginratio: --
vmarginratio: --
lines: --
heightrounded: --
bindingoffset: 0.0pt
truedimen: --
includehead: --
includefoot: --
includemp: --
driver: pdftex
-------------------- Page layout dimensions and switches
\paperwidth  614.295pt
\paperheight 794.96999pt
\textwidth  469.75502pt
\textheight 650.43001pt
\oddsidemargin  0.0pt
\evensidemargin 0.0pt
\topmargin  -37.0pt
\headheight 12.0pt
\headsep    25.0pt
\footskip   30.0pt
\marginparwidth 44.0pt
\marginparsep   10.0pt
\columnsep  10.0pt
\skip\footins  10.8pt plus 4.0pt minus 2.0pt
\hoffset 0.0pt
\voffset 0.0pt
\mag 1000

(1in=72.27pt, 1cm=28.45pt)
-----------------------
(/usr/share/texmf-texlive/tex/context/base/supp-pdf.mkii
[Loading MPS to PDF converter (version 2006.09.02).]
\scratchcounter=\count121
\scratchdimen=\dimen129
\scratchbox=\box54
\nofMPsegments=\count122
\nofMParguments=\count123
\everyMPshowfont=\toks22
\MPscratchCnt=\count124
\MPscratchDim=\dimen130
\MPnumerator=\count125
\everyMPtoPDFconversion=\toks23
)
Package hyperref Info: Link coloring OFF on input line 17.
 (/usr/share/texmf-texlive/tex/latex/hyperref/nameref.sty
Package: nameref 2007/05/29 v2.31 Cross-referencing by name of section

(/usr/share/texmf-texlive/tex/latex/oberdiek/refcount.sty
Package: refcount 2008/08/11 v3.1 Data extraction from references (HO)
)
\c@section@level=\count126
)
LaTeX Info: Redefining \ref on input line 17.
LaTeX Info: Redefining \pageref on input line 17.

(./displaced_vertex_mugroups.out) (./displaced_vertex_mugroups.out)
\@outlinefile=\write3
\openout3 = `displaced_vertex_mugroups.out'.

\AtBeginShipoutBox=\box55

<fig/displaced_vertex_mugroups/leptjets1e.pdf, id=28, 562.1pt x 562.1pt>
File: fig/displaced_vertex_mugroups/leptjets1e.pdf Graphic file (type pdf)

<use fig/displaced_vertex_mugroups/leptjets1e.pdf> [1

{/var/lib/texmf/fonts/map/pdftex/updmap/pdftex.map} <./fig/displaced_vertex_mug
roups/leptjets1e.pdf>]
LaTeX Font Info:    Try loading font information for OMS+cmr on input line 72.

(/usr/share/texmf-texlive/tex/latex/base/omscmr.fd
File: omscmr.fd 1999/05/25 v2.5h Standard LaTeX font definitions
)
LaTeX Font Info:    Font shape `OMS/cmr/m/n' in size <12> not available
(Font)              Font shape `OMS/cmsy/m/n' tried instead on input line 72.

<fig/acceptance5_plot/dispvert.pdf, id=54, 305.14pt x 569.12625pt>
File: fig/acceptance5_plot/dispvert.pdf Graphic file (type pdf)

<use fig/acceptance5_plot/dispvert.pdf>
<fig/acceptance5_plot/dispvert_vs_dispz.pdf, id=55, 305.14pt x 569.12625pt>
File: fig/acceptance5_plot/dispvert_vs_dispz.pdf Graphic file (type pdf)

<use fig/acceptance5_plot/dispvert_vs_dispz.pdf>
<fig/backgrounds3_plot/trackslinear_tkhits.pdf, id=59, 373.395pt x 569.12625pt>
File: fig/backgrounds3_plot/trackslinear_tkhits.pdf Graphic file (type pdf)
<use fig/backgrounds3_plot/trackslinear_tkhits.pdf>
<fig/backgrounds3_plot/trackslog_tkhits.pdf, id=60, 373.395pt x 569.12625pt>
File: fig/backgrounds3_plot/trackslog_tkhits.pdf Graphic file (type pdf)

<use fig/backgrounds3_plot/trackslog_tkhits.pdf> [2] [3 <./fig/acceptance5_plot
/dispvert.pdf> <./fig/acceptance5_plot/dispvert_vs_dispz.pdf>]
<fig/backgrounds3_plot/dispvert_Tracker.pdf, id=166, 494.84875pt x 569.12625pt>
File: fig/backgrounds3_plot/dispvert_Tracker.pdf Graphic file (type pdf)
<use fig/backgrounds3_plot/dispvert_Tracker.pdf>
<fig/backgrounds3_plot/dispvert_TrackerSegMatch2.pdf, id=167, 494.84875pt x 569
.12625pt>
File: fig/backgrounds3_plot/dispvert_TrackerSegMatch2.pdf Graphic file (type pd
f)
 <use fig/backgrounds3_plot/dispvert_TrackerSegMatch2.pdf>
<fig/backgrounds3_plot/trackslinear_segments.pdf, id=168, 373.395pt x 569.12625
pt>
File: fig/backgrounds3_plot/trackslinear_segments.pdf Graphic file (type pdf)
 <use fig/backgrounds3_plot/trackslinear_segments.pdf>
<fig/backgrounds3_plot/trackslog_segments.pdf, id=169, 373.395pt x 569.12625pt>
File: fig/backgrounds3_plot/trackslog_segments.pdf Graphic file (type pdf)
<use fig/backgrounds3_plot/trackslog_segments.pdf>
<fig/backgrounds3_plot/dispvert_TrackerSegMatch2NormChi2.pdf, id=175, 494.84875
pt x 569.12625pt>
File: fig/backgrounds3_plot/dispvert_TrackerSegMatch2NormChi2.pdf Graphic file 
(type pdf)

<use fig/backgrounds3_plot/dispvert_TrackerSegMatch2NormChi2.pdf>
<fig/backgrounds3_plot/trackslinear_normchi2.pdf, id=176, 373.395pt x 569.12625
pt>
File: fig/backgrounds3_plot/trackslinear_normchi2.pdf Graphic file (type pdf)
 <use fig/backgrounds3_plot/trackslinear_normchi2.pdf>
<fig/backgrounds3_plot/trackslog_normchi2.pdf, id=177, 373.395pt x 569.12625pt>
File: fig/backgrounds3_plot/trackslog_normchi2.pdf Graphic file (type pdf)
<use fig/backgrounds3_plot/trackslog_normchi2.pdf>
<fig/backgrounds3_plot/dispvert_TrackerSegMatch2PhiErr.pdf, id=178, 494.84875pt
 x 569.12625pt>
File: fig/backgrounds3_plot/dispvert_TrackerSegMatch2PhiErr.pdf Graphic file (t
ype pdf)

<use fig/backgrounds3_plot/dispvert_TrackerSegMatch2PhiErr.pdf>
<fig/backgrounds3_plot/trackslinear_phierr.pdf, id=179, 373.395pt x 569.12625pt
>
File: fig/backgrounds3_plot/trackslinear_phierr.pdf Graphic file (type pdf)
 <use fig/backgrounds3_plot/trackslinear_phierr.pdf>
<fig/backgrounds3_plot/trackslog_phierr.pdf, id=180, 373.395pt x 569.12625pt>
File: fig/backgrounds3_plot/trackslog_phierr.pdf Graphic file (type pdf)

<use fig/backgrounds3_plot/trackslog_phierr.pdf>
<fig/backgrounds3_plot/dispvert_TrackerSegMatch2EtaErr.pdf, id=181, 494.84875pt
 x 569.12625pt>
File: fig/backgrounds3_plot/dispvert_TrackerSegMatch2EtaErr.pdf Graphic file (t
ype pdf)

<use fig/backgrounds3_plot/dispvert_TrackerSegMatch2EtaErr.pdf>
<fig/backgrounds3_plot/trackslinear_etaerr.pdf, id=182, 373.395pt x 569.12625pt
>
File: fig/backgrounds3_plot/trackslinear_etaerr.pdf Graphic file (type pdf)
 <use fig/backgrounds3_plot/trackslinear_etaerr.pdf>
<fig/backgrounds3_plot/trackslog_etaerr.pdf, id=183, 373.395pt x 569.12625pt>
File: fig/backgrounds3_plot/trackslog_etaerr.pdf Graphic file (type pdf)

<use fig/backgrounds3_plot/trackslog_etaerr.pdf>
<fig/backgrounds3_plot/dispvert_TrackerSegMatch2DxyErr.pdf, id=184, 494.84875pt
 x 569.12625pt>
File: fig/backgrounds3_plot/dispvert_TrackerSegMatch2DxyErr.pdf Graphic file (t
ype pdf)

<use fig/backgrounds3_plot/dispvert_TrackerSegMatch2DxyErr.pdf>
<fig/backgrounds3_plot/trackslinear_dxyerr.pdf, id=185, 373.395pt x 569.12625pt
>
File: fig/backgrounds3_plot/trackslinear_dxyerr.pdf Graphic file (type pdf)
 <use fig/backgrounds3_plot/trackslinear_dxyerr.pdf>
<fig/backgrounds3_plot/trackslog_dxyerr.pdf, id=186, 373.395pt x 569.12625pt>
File: fig/backgrounds3_plot/trackslog_dxyerr.pdf Graphic file (type pdf)

<use fig/backgrounds3_plot/trackslog_dxyerr.pdf>
<fig/backgrounds3_plot/dispvert_TrackerSegMatch2DzErr.pdf, id=187, 494.84875pt 
x 569.12625pt>
File: fig/backgrounds3_plot/dispvert_TrackerSegMatch2DzErr.pdf Graphic file (ty
pe pdf)
 <use fig/backgrounds3_plot/dispvert_TrackerSegMatch2DzErr.pdf>
<fig/backgrounds3_plot/trackslinear_dzerr.pdf, id=188, 373.395pt x 569.12625pt>
File: fig/backgrounds3_plot/trackslinear_dzerr.pdf Graphic file (type pdf)
<use fig/backgrounds3_plot/trackslinear_dzerr.pdf>
<fig/backgrounds3_plot/trackslog_dzerr.pdf, id=189, 373.395pt x 569.12625pt>
File: fig/backgrounds3_plot/trackslog_dzerr.pdf Graphic file (type pdf)

<use fig/backgrounds3_plot/trackslog_dzerr.pdf> [4 <./fig/backgrounds3_plot/tra
ckslinear_tkhits.pdf> <./fig/backgrounds3_plot/trackslog_tkhits.pdf>] [5 <./fig
/backgrounds3_plot/dispvert_Tracker.pdf> <./fig/backgrounds3_plot/dispvert_Trac
kerSegMatch2.pdf> <./fig/backgrounds3_plot/trackslinear_segments.pdf> <./fig/ba
ckgrounds3_plot/trackslog_segments.pdf>] [6 <./fig/backgrounds3_plot/dispvert_T
rackerSegMatch2NormChi2.pdf> <./fig/backgrounds3_plot/trackslinear_normchi2.pdf
> <./fig/backgrounds3_plot/trackslog_normchi2.pdf>] [7 <./fig/backgrounds3_plot
/dispvert_TrackerSegMatch2PhiErr.pdf> <./fig/backgrounds3_plot/trackslinear_phi
err.pdf> <./fig/backgrounds3_plot/trackslog_phierr.pdf>] [8 <./fig/backgrounds3
_plot/dispvert_TrackerSegMatch2EtaErr.pdf> <./fig/backgrounds3_plot/trackslinea
r_etaerr.pdf> <./fig/backgrounds3_plot/trackslog_etaerr.pdf>] [9 <./fig/backgro
unds3_plot/dispvert_TrackerSegMatch2DxyErr.pdf> <./fig/backgrounds3_plot/tracks
linear_dxyerr.pdf> <./fig/backgrounds3_plot/trackslog_dxyerr.pdf>] [10 <./fig/b
ackgrounds3_plot/dispvert_TrackerSegMatch2DzErr.pdf> <./fig/backgrounds3_plot/t
rackslinear_dzerr.pdf> <./fig/backgrounds3_plot/trackslog_dzerr.pdf>]
Overfull \hbox (8.38815pt too wide) in paragraph at lines 281--286
\OT1/cmr/m/n/12 (\OT1/cmtt/m/n/12 IOMC/ParticleGuns/src/MultiParticleByMassGunP
roducer.cc\OT1/cmr/m/n/12 ) that pro-duces events uni-
 []


Underfull \hbox (badness 10000) in paragraph at lines 298--299
[][]\OT1/cmtt/m/n/12 http://geant4.cern.ch/G4UsersDocuments/UsersGuides/
 []

[11

] (./displaced_vertex_mugroups.aux) ) 
Here is how much of TeX's memory you used:
 5480 strings out of 495061
 81744 string characters out of 1182621
 162574 words of memory out of 3000000
 8532 multiletter control sequences out of 15000+50000
 10094 words of font info for 37 fonts, out of 3000000 for 9000
 28 hyphenation exceptions out of 8191
 38i,9n,36p,747b,345s stack positions out of 5000i,500n,10000p,200000b,50000s
</usr/share/texmf-texlive/fonts/type1/publ
ic/amsfonts/cm/cmbx12.pfb></usr/share/texmf-texlive/fonts/type1/public/amsfonts
/cm/cmmi12.pfb></usr/share/texmf-texlive/fonts/type1/public/amsfonts/cm/cmmi8.p
fb></usr/share/texmf-texlive/fonts/type1/public/amsfonts/cm/cmr12.pfb></usr/sha
re/texmf-texlive/fonts/type1/public/amsfonts/cm/cmr8.pfb></usr/share/texmf-texl
ive/fonts/type1/public/amsfonts/cm/cmsy10.pfb></usr/share/texmf-texlive/fonts/t
ype1/public/amsfonts/cm/cmsy8.pfb></usr/share/texmf-texlive/fonts/type1/public/
amsfonts/cm/cmtt12.pfb>
Output written on displaced_vertex_mugroups.pdf (11 pages, 713745 bytes).
PDF statistics:
 1159 PDF objects out of 1200 (max. 8388607)
 35 named destinations out of 1000 (max. 500000)
 169 words of extra memory for PDF output out of 10000 (max. 10000000)

